<?xml version="1.0" encoding="utf-8"?><testsuites name="pytest tests"><testsuite name="pytest" errors="0" failures="0" skipped="0" tests="14" time="7.036" timestamp="2026-08-30T16:36:26.795285+00:00" hostname="agent-env-2970494a-ca81-4f7b-a3b3-8906d4c28dcf"><testcase classname="tests.test_messaging_agents" name="test_api_root" time="0.455" /><testcase classname="tests.test_messaging_agents" name="test_login_buyer_and_seller" time="0.692" /><testcase classname="tests.test_messaging_agents" name="test_property_detail_has_seller_public_agent" time="0.136" /><testcase classname="tests.test_messaging_agents" name="test_property_list_and_filter" time="0.228" /><testcase classname="tests.test_messaging_agents" name="test_agents_list_has_three_seeded" time="0.119" /><testcase classname="tests.test_messaging_agents" name="test_agent_detail_with_listings" time="0.239" /><testcase classname="tests.test_messaging_agents" name="test_agent_detail_404" time="0.095" /><testcase classname="tests.test_messaging_agents" name="test_seller_can_update_profile_buyer_forbidden" time="0.670" /><testcase classname="tests.test_messaging_agents" name="test_message_validation" time="0.587" /><testcase classname="tests.test_messaging_agents" name="test_thread_create_list_open_and_read" time="1.391" /><testcase classname="tests.test_messaging_agents" name="test_thread_404_for_unknown" time="0.375" /><testcase classname="tests.test_messaging_agents" name="test_wishlist_and_compare_toggle_idempotent" time="0.800" /><testcase classname="tests.test_messaging_agents" name="test_assistant_returns_reply_and_matches" time="0.245" /><testcase classname="tests.test_messaging_agents" name="test_analyze_and_report_save" time="0.507" /></testsuite></testsuites>