<?xml version="1.0" encoding="utf-8"?><testsuites name="pytest tests"><testsuite name="pytest" errors="0" failures="1" skipped="0" tests="15" time="5.476" timestamp="2026-08-30T16:52:37.222736+00:00" hostname="agent-env-2970494a-ca81-4f7b-a3b3-8906d4c28dcf"><testcase classname="tests.test_iteration4.TestRegression" name="test_agents_list" time="0.328" /><testcase classname="tests.test_iteration4.TestSavedSearches" name="test_requires_auth" time="0.323" /><testcase classname="tests.test_iteration4.TestSavedSearches" name="test_empty_returns_400" time="0.361" /><testcase classname="tests.test_iteration4.TestSavedSearches" name="test_create_returns_matches" time="0.164" /><testcase classname="tests.test_iteration4.TestRegression" name="test_messages_send_and_thread" time="0.842" /><testcase classname="tests.test_iteration4.TestSavedSearches" name="test_list_own" time="0.121" /><testcase classname="tests.test_iteration4.TestSavedSearches" name="test_seller_isolated" time="0.277" /><testcase classname="tests.test_iteration4.TestRegression" name="test_property_seller_enrichment" time="0.164" /><testcase classname="tests.test_iteration4.TestSavedSearches" name="test_matches_endpoint" time="0.171" /><testcase classname="tests.test_iteration4.TestGemini" name="test_assistant_live_gemini" time="0.761" /><testcase classname="tests.test_iteration4.TestSavedSearches" name="test_matches_wrong_user" time="0.104" /><testcase classname="tests.test_iteration4.TestSavedSearches" name="test_delete_wrong_user_returns_404" time="0.091" /><testcase classname="tests.test_iteration4.TestSavedSearches" name="test_delete_bad_id" time="0.098" /><testcase classname="tests.test_iteration4.TestGemini" name="test_analyze_live_gemini" time="1.401" /><testcase classname="tests.test_iteration4.TestFanout" name="test_fanout_on_new_property" time="1.448"><failure message="assert 0 &gt;= 1">backend/tests/test_iteration4.py:131: in test_fanout_on_new_property
    assert d['unread'] &gt;= 1
E   assert 0 &gt;= 1</failure></testcase></testsuite></testsuites>