<?xml version="1.0" encoding="utf-8"?><testsuites name="pytest tests"><testsuite name="pytest" errors="0" failures="2" skipped="0" tests="3" time="1.582" timestamp="2026-08-30T16:07:05.429280+00:00" hostname="agent-env-2970494a-ca81-4f7b-a3b3-8906d4c28dcf"><testcase classname="tests.backend_test" name="test_catalog_and_filters" time="0.417" /><testcase classname="tests.backend_test" name="test_buyer_auth_saved_and_ai" time="0.529"><failure message="AssertionError: assert (200 == 200 and 'p1' in [])&#10; +  where 200 = &lt;Response [200]&gt;.status_code">backend/tests/backend_test.py:27: in test_buyer_auth_saved_and_ai
    assert save.status_code == 200 and "p1" in save.json()["wishlist"]
E   AssertionError: assert (200 == 200 and 'p1' in [])
E    +  where 200 = &lt;Response [200]&gt;.status_code</failure></testcase><testcase classname="tests.backend_test" name="test_registration_and_seller_entry" time="0.126"><failure message="assert (409 == 200)&#10; +  where 409 = &lt;Response [409]&gt;.status_code">backend/tests/backend_test.py:36: in test_registration_and_seller_entry
    assert r.status_code == 200 and r.json()["user"]["role"] == "seller"
E   assert (409 == 200)
E    +  where 409 = &lt;Response [409]&gt;.status_code</failure></testcase></testsuite></testsuites>