<?xml version="1.0" encoding="utf-8"?><testsuites name="pytest tests"><testsuite name="pytest" errors="0" failures="0" skipped="0" tests="3" time="2.242" timestamp="2026-08-30T16:02:24.491767+00:00" hostname="agent-env-2970494a-ca81-4f7b-a3b3-8906d4c28dcf"><testcase classname="tests.backend_test" name="test_catalog_and_filters" time="0.437" /><testcase classname="tests.backend_test" name="test_buyer_auth_saved_and_ai" time="0.815" /><testcase classname="tests.backend_test" name="test_registration_and_seller_entry" time="0.499" /></testsuite></testsuites>